2025-07-19 01:34:51,898 - __main__ - INFO - myQuant 模块化单体交易系统启动
2025-07-19 01:34:51,898 - __main__ - INFO - 运行API模式
2025-07-19 01:34:51,899 - myQuant.core.events.event_bus - INFO - 事件总线初始化完成
2025-07-19 01:34:52,092 - myQuant.infrastructure.data.providers.real_data_provider - INFO - Yahoo Finance初始化成功
2025-07-19 01:34:52,093 - myQuant.infrastructure.data.providers.real_data_provider - INFO - Yahoo Finance提供者初始化成功
2025-07-19 01:34:52,093 - myQuant.infrastructure.data.providers.real_data_provider - INFO - 东方财富提供者初始化成功
2025-07-19 01:34:52,093 - myQuant.core.managers.data_manager - INFO - 真实数据提供者初始化成功
2025-07-19 01:34:52,093 - myQuant.core.events.event_bus - INFO - 事件总线初始化完成
2025-07-19 01:34:52,096 - myQuant.core.managers.order_manager - INFO - 订单管理器初始化完成
2025-07-19 01:34:52,096 - myQuant.core.analysis.performance_analyzer - INFO - 绩效分析器初始化完成
2025-07-19 01:34:52,098 - __main__ - INFO - 启动模块化单体交易系统和API服务...
2025-07-19 01:34:52,098 - __main__ - INFO - API文档地址: http://localhost:8000/docs
2025-07-19 01:34:52,098 - myQuant.interfaces.api.monolith_api - INFO - Starting API server on 0.0.0.0:8000
2025-07-19 01:37:44,242 - __main__ - INFO - myQuant 模块化单体交易系统启动
2025-07-19 01:37:44,242 - __main__ - INFO - 运行API模式
2025-07-19 01:37:44,242 - myQuant.core.events.event_bus - INFO - 事件总线初始化完成
2025-07-19 01:37:44,375 - myQuant.infrastructure.data.providers.real_data_provider - INFO - Yahoo Finance初始化成功
2025-07-19 01:37:44,375 - myQuant.infrastructure.data.providers.real_data_provider - INFO - Yahoo Finance提供者初始化成功
2025-07-19 01:37:44,375 - myQuant.infrastructure.data.providers.real_data_provider - INFO - 东方财富提供者初始化成功
2025-07-19 01:37:44,375 - myQuant.core.managers.data_manager - INFO - 真实数据提供者初始化成功
2025-07-19 01:37:44,376 - myQuant.core.events.event_bus - INFO - 事件总线初始化完成
2025-07-19 01:37:44,377 - myQuant.core.managers.order_manager - INFO - 订单管理器初始化完成
2025-07-19 01:37:44,377 - myQuant.core.analysis.performance_analyzer - INFO - 绩效分析器初始化完成
2025-07-19 01:37:44,379 - __main__ - INFO - 启动模块化单体交易系统和API服务...
2025-07-19 01:37:44,379 - __main__ - INFO - API文档地址: http://localhost:8000/docs
2025-07-19 01:37:44,379 - myQuant.interfaces.api.monolith_api - INFO - Starting API server on 0.0.0.0:8000
2025-07-19 01:37:48,932 - __main__ - INFO - myQuant 模块化单体交易系统启动
2025-07-19 01:37:48,932 - __main__ - INFO - 运行演示模式
2025-07-19 01:37:48,933 - myQuant.core.events.event_bus - INFO - 事件总线初始化完成
2025-07-19 01:37:49,013 - myQuant.infrastructure.data.providers.real_data_provider - INFO - Yahoo Finance初始化成功
2025-07-19 01:37:49,014 - myQuant.infrastructure.data.providers.real_data_provider - INFO - Yahoo Finance提供者初始化成功
2025-07-19 01:37:49,014 - myQuant.infrastructure.data.providers.real_data_provider - INFO - 东方财富提供者初始化成功
2025-07-19 01:37:49,014 - myQuant.core.managers.data_manager - INFO - 真实数据提供者初始化成功
2025-07-19 01:37:49,014 - myQuant.core.events.event_bus - INFO - 事件总线初始化完成
2025-07-19 01:37:49,015 - myQuant.core.managers.order_manager - INFO - 订单管理器初始化完成
2025-07-19 01:37:49,015 - myQuant.core.analysis.performance_analyzer - INFO - 绩效分析器初始化完成
2025-07-19 01:37:49,015 - __main__ - INFO - 启动模块化单体交易系统...
2025-07-19 01:37:49,015 - myQuant.core.enhanced_trading_system - INFO - Starting Enhanced Trading System
2025-07-19 01:37:49,015 - myQuant.core.enhanced_trading_system - INFO - Initializing Enhanced Trading System
2025-07-19 01:37:49,015 - myquant.data - INFO - Initializing data module
2025-07-19 01:37:49,015 - __main__ - ERROR - 演示过程中发生错误: 'DataManager' object has no attribute 'initialize'
2025-07-19 01:37:49,015 - __main__ - INFO - 停止交易系统...
2025-07-19 01:39:01,768 - __main__ - INFO - myQuant 模块化单体交易系统启动
2025-07-19 01:39:01,768 - __main__ - INFO - 运行API模式
2025-07-19 01:39:01,768 - myQuant.core.events.event_bus - INFO - 事件总线初始化完成
2025-07-19 01:39:01,904 - myQuant.infrastructure.data.providers.real_data_provider - INFO - Yahoo Finance初始化成功
2025-07-19 01:39:01,904 - myQuant.infrastructure.data.providers.real_data_provider - INFO - Yahoo Finance提供者初始化成功
2025-07-19 01:39:01,904 - myQuant.infrastructure.data.providers.real_data_provider - INFO - 东方财富提供者初始化成功
2025-07-19 01:39:01,904 - myQuant.core.managers.data_manager - INFO - 真实数据提供者初始化成功
2025-07-19 01:39:01,904 - myQuant.core.events.event_bus - INFO - 事件总线初始化完成
2025-07-19 01:39:01,906 - myQuant.core.managers.order_manager - INFO - 订单管理器初始化完成
2025-07-19 01:39:01,906 - myQuant.core.analysis.performance_analyzer - INFO - 绩效分析器初始化完成
2025-07-19 01:39:01,907 - __main__ - INFO - 启动模块化单体交易系统和API服务...
2025-07-19 01:39:01,907 - __main__ - INFO - API文档地址: http://localhost:8000/docs
2025-07-19 01:39:01,907 - myQuant.interfaces.api.monolith_api - INFO - Starting API server on 0.0.0.0:8000
2025-07-19 01:41:51,927 - __main__ - INFO - myQuant 模块化单体交易系统启动
2025-07-19 01:41:51,927 - __main__ - INFO - 运行API模式
2025-07-19 01:41:51,928 - myQuant.core.events.event_bus - INFO - 事件总线初始化完成
2025-07-19 01:41:52,089 - myQuant.infrastructure.data.providers.real_data_provider - INFO - Yahoo Finance初始化成功
2025-07-19 01:41:52,089 - myQuant.infrastructure.data.providers.real_data_provider - INFO - Yahoo Finance提供者初始化成功
2025-07-19 01:41:52,089 - myQuant.infrastructure.data.providers.real_data_provider - INFO - 东方财富提供者初始化成功
2025-07-19 01:41:52,089 - myQuant.core.managers.data_manager - INFO - 真实数据提供者初始化成功
2025-07-19 01:41:52,089 - myQuant.core.events.event_bus - INFO - 事件总线初始化完成
2025-07-19 01:41:52,091 - myQuant.core.managers.order_manager - INFO - 订单管理器初始化完成
2025-07-19 01:41:52,091 - myQuant.core.analysis.performance_analyzer - INFO - 绩效分析器初始化完成
2025-07-19 01:41:52,093 - __main__ - INFO - 启动模块化单体交易系统和API服务...
2025-07-19 01:41:52,093 - __main__ - INFO - API文档地址: http://localhost:8000/docs
2025-07-19 01:41:52,093 - myQuant.interfaces.api.monolith_api - INFO - Starting API server on 0.0.0.0:8000
2025-07-19 01:42:23,632 - __main__ - INFO - myQuant 模块化单体交易系统启动
2025-07-19 01:42:23,632 - __main__ - INFO - 运行API模式
2025-07-19 01:42:23,633 - myQuant.core.events.event_bus - INFO - 事件总线初始化完成
2025-07-19 01:42:23,768 - myQuant.infrastructure.data.providers.real_data_provider - INFO - Yahoo Finance初始化成功
2025-07-19 01:42:23,768 - myQuant.infrastructure.data.providers.real_data_provider - INFO - Yahoo Finance提供者初始化成功
2025-07-19 01:42:23,768 - myQuant.infrastructure.data.providers.real_data_provider - INFO - 东方财富提供者初始化成功
2025-07-19 01:42:23,768 - myQuant.core.managers.data_manager - INFO - 真实数据提供者初始化成功
2025-07-19 01:42:23,768 - myQuant.core.events.event_bus - INFO - 事件总线初始化完成
2025-07-19 01:42:23,769 - myQuant.core.managers.order_manager - INFO - 订单管理器初始化完成
2025-07-19 01:42:23,769 - myQuant.core.analysis.performance_analyzer - INFO - 绩效分析器初始化完成
2025-07-19 01:42:23,771 - __main__ - INFO - 启动模块化单体交易系统和API服务...
2025-07-19 01:42:23,771 - __main__ - INFO - API文档地址: http://localhost:8000/docs
2025-07-19 01:42:23,771 - myQuant.interfaces.api.monolith_api - INFO - Starting API server on 0.0.0.0:8000
2025-07-19 01:42:29,718 - myQuant.interfaces.api.monolith_api - INFO - API Request: GET http://0.0.0.0:8000/
2025-07-19 01:42:29,726 - myQuant.interfaces.api.monolith_api - INFO - API Response: 404 in 0.009s
2025-07-19 01:42:29,729 - myQuant.interfaces.api.monolith_api - INFO - API Request: GET http://0.0.0.0:8000/
2025-07-19 01:42:29,737 - myQuant.interfaces.api.monolith_api - INFO - API Response: 404 in 0.007s
2025-07-19 01:42:29,792 - myQuant.interfaces.api.monolith_api - INFO - API Request: GET http://0.0.0.0:8000/favicon.ico
2025-07-19 01:42:29,794 - myQuant.interfaces.api.monolith_api - INFO - API Response: 404 in 0.001s
2025-07-19 01:42:29,796 - myQuant.interfaces.api.monolith_api - INFO - API Request: GET http://0.0.0.0:8000/favicon.ico
2025-07-19 01:42:29,798 - myQuant.interfaces.api.monolith_api - INFO - API Response: 404 in 0.002s
2025-07-19 01:42:34,373 - myQuant.interfaces.api.monolith_api - INFO - API Request: GET http://0.0.0.0:8000/docs
2025-07-19 01:42:34,375 - myQuant.interfaces.api.monolith_api - INFO - API Response: 200 in 0.002s
2025-07-19 01:43:08,749 - __main__ - INFO - myQuant 模块化单体交易系统启动
2025-07-19 01:43:08,750 - __main__ - INFO - 运行演示模式
2025-07-19 01:43:08,750 - myQuant.core.events.event_bus - INFO - 事件总线初始化完成
2025-07-19 01:43:08,883 - myQuant.infrastructure.data.providers.real_data_provider - INFO - Yahoo Finance初始化成功
2025-07-19 01:43:08,883 - myQuant.infrastructure.data.providers.real_data_provider - INFO - Yahoo Finance提供者初始化成功
2025-07-19 01:43:08,883 - myQuant.infrastructure.data.providers.real_data_provider - INFO - 东方财富提供者初始化成功
2025-07-19 01:43:08,883 - myQuant.core.managers.data_manager - INFO - 真实数据提供者初始化成功
2025-07-19 01:43:08,883 - myQuant.core.events.event_bus - INFO - 事件总线初始化完成
2025-07-19 01:43:08,884 - myQuant.core.managers.order_manager - INFO - 订单管理器初始化完成
2025-07-19 01:43:08,884 - myQuant.core.analysis.performance_analyzer - INFO - 绩效分析器初始化完成
2025-07-19 01:43:08,884 - __main__ - INFO - 启动模块化单体交易系统...
2025-07-19 01:43:08,884 - myQuant.core.enhanced_trading_system - INFO - Starting Enhanced Trading System
2025-07-19 01:43:08,884 - myQuant.core.enhanced_trading_system - INFO - Initializing Enhanced Trading System
2025-07-19 01:43:08,884 - myquant.data - INFO - Initializing data module
2025-07-19 01:43:08,884 - __main__ - ERROR - 演示过程中发生错误: 'DataManager' object has no attribute 'initialize'
2025-07-19 01:43:08,885 - __main__ - INFO - 停止交易系统...
2025-07-19 01:46:14,559 - __main__ - INFO - myQuant 模块化单体交易系统启动
2025-07-19 01:46:14,559 - __main__ - INFO - 运行演示模式
2025-07-19 01:46:14,559 - myQuant.core.events.event_bus - INFO - 事件总线初始化完成
2025-07-19 01:46:14,690 - myQuant.infrastructure.data.providers.real_data_provider - INFO - Yahoo Finance初始化成功
2025-07-19 01:46:14,690 - myQuant.infrastructure.data.providers.real_data_provider - INFO - Yahoo Finance提供者初始化成功
2025-07-19 01:46:14,690 - myQuant.infrastructure.data.providers.real_data_provider - INFO - 东方财富提供者初始化成功
2025-07-19 01:46:14,690 - myQuant.core.managers.data_manager - INFO - 真实数据提供者初始化成功
2025-07-19 01:46:14,690 - myQuant.core.events.event_bus - INFO - 事件总线初始化完成
2025-07-19 01:46:14,692 - myQuant.core.managers.order_manager - INFO - 订单管理器初始化完成
2025-07-19 01:46:14,692 - myQuant.core.analysis.performance_analyzer - INFO - 绩效分析器初始化完成
2025-07-19 01:46:14,692 - __main__ - INFO - 启动模块化单体交易系统...
2025-07-19 01:46:14,692 - myQuant.core.enhanced_trading_system - INFO - Starting Enhanced Trading System
2025-07-19 01:46:14,692 - myQuant.core.enhanced_trading_system - INFO - Initializing Enhanced Trading System
2025-07-19 01:46:14,692 - myquant.data - INFO - Initializing data module
2025-07-19 01:46:14,692 - myquant.data - INFO - Data module initialized successfully
2025-07-19 01:46:14,692 - myquant.strategy - INFO - Initializing strategy module
2025-07-19 01:46:14,692 - myquant.strategy - INFO - Strategy module initialized successfully
2025-07-19 01:46:14,692 - myquant.execution - INFO - Initializing execution module
2025-07-19 01:46:14,692 - myQuant.core.engines.execution_engine - INFO - Execution engine started
2025-07-19 01:46:14,692 - myquant.execution - INFO - Execution module initialized successfully
2025-07-19 01:46:14,692 - myquant.risk - INFO - Initializing risk module
2025-07-19 01:46:14,692 - myquant.risk - INFO - Risk module initialized successfully
2025-07-19 01:46:14,692 - myquant.portfolio - INFO - Initializing portfolio module
2025-07-19 01:46:14,692 - myquant.portfolio - INFO - Portfolio module initialized successfully
2025-07-19 01:46:14,692 - myquant.analytics - INFO - Initializing analytics module
2025-07-19 01:46:14,692 - myquant.analytics - INFO - Analytics module initialized successfully
2025-07-19 01:46:14,692 - myQuant.core.enhanced_trading_system - INFO - Enhanced Trading System initialized successfully
2025-07-19 01:46:14,692 - myQuant.core.enhanced_trading_system - INFO - Enhanced Trading System started successfully
2025-07-19 01:46:14,692 - __main__ - INFO - 处理市场数据...
2025-07-19 01:46:14,692 - __main__ - INFO - 处理结果: {'timestamp': datetime.datetime(2025, 7, 19, 1, 46, 14, 692546), 'symbol': 'AAPL', 'processed': True, 'market_status': 'CLOSED', 'system_uptime': 4e-05}
2025-07-19 01:46:14,692 - __main__ - INFO - 获取系统状态...
2025-07-19 01:46:14,692 - __main__ - INFO - 系统健康状态: {'system_running': True, 'uptime_seconds': 7.4e-05, 'modules': {'data': {'module': 'data', 'initialized': True, 'metrics': {}, 'timestamp': '2025-07-19T01:46:14.692607'}, 'strategy': {'module': 'strategy', 'initialized': True, 'metrics': {}, 'timestamp': '2025-07-19T01:46:14.692608'}, 'execution': {'module': 'execution', 'initialized': True, 'metrics': {}, 'timestamp': '2025-07-19T01:46:14.692610'}, 'risk': {'module': 'risk', 'initialized': True, 'metrics': {}, 'timestamp': '2025-07-19T01:46:14.692611'}, 'portfolio': {'module': 'portfolio', 'initialized': True, 'metrics': {}, 'timestamp': '2025-07-19T01:46:14.692612'}, 'analytics': {'module': 'analytics', 'initialized': True, 'metrics': {}, 'timestamp': '2025-07-19T01:46:14.692613'}}, 'timestamp': '2025-07-19T01:46:14.692604'}
2025-07-19 01:46:14,692 - __main__ - ERROR - 演示过程中发生错误: 'PortfolioManager' object has no attribute 'get_cash_balance'
2025-07-19 01:46:14,692 - __main__ - INFO - 停止交易系统...
2025-07-19 01:46:14,692 - myQuant.core.enhanced_trading_system - INFO - Stopping Enhanced Trading System
2025-07-19 01:46:14,692 - myquant.data - INFO - Shutting down data module
2025-07-19 01:46:14,692 - myquant.strategy - INFO - Shutting down strategy module
2025-07-19 01:46:14,692 - myquant.execution - INFO - Shutting down execution module
2025-07-19 01:46:14,692 - myquant.risk - INFO - Shutting down risk module
2025-07-19 01:46:14,692 - myquant.portfolio - INFO - Shutting down portfolio module
2025-07-19 01:46:14,692 - myquant.analytics - INFO - Shutting down analytics module
2025-07-19 01:46:14,692 - myQuant.core.enhanced_trading_system - INFO - Enhanced Trading System stopped
2025-07-19 01:47:01,246 - __main__ - INFO - myQuant 模块化单体交易系统启动
2025-07-19 01:47:01,246 - __main__ - INFO - 运行演示模式
2025-07-19 01:47:01,247 - myQuant.core.events.event_bus - INFO - 事件总线初始化完成
2025-07-19 01:47:01,379 - myQuant.infrastructure.data.providers.real_data_provider - INFO - Yahoo Finance初始化成功
2025-07-19 01:47:01,379 - myQuant.infrastructure.data.providers.real_data_provider - INFO - Yahoo Finance提供者初始化成功
2025-07-19 01:47:01,379 - myQuant.infrastructure.data.providers.real_data_provider - INFO - 东方财富提供者初始化成功
2025-07-19 01:47:01,379 - myQuant.core.managers.data_manager - INFO - 真实数据提供者初始化成功
2025-07-19 01:47:01,379 - myQuant.core.events.event_bus - INFO - 事件总线初始化完成
2025-07-19 01:47:01,381 - myQuant.core.managers.order_manager - INFO - 订单管理器初始化完成
2025-07-19 01:47:01,381 - myQuant.core.analysis.performance_analyzer - INFO - 绩效分析器初始化完成
2025-07-19 01:47:01,381 - __main__ - INFO - 启动模块化单体交易系统...
2025-07-19 01:47:01,381 - myQuant.core.enhanced_trading_system - INFO - Starting Enhanced Trading System
2025-07-19 01:47:01,381 - myQuant.core.enhanced_trading_system - INFO - Initializing Enhanced Trading System
2025-07-19 01:47:01,381 - myquant.data - INFO - Initializing data module
2025-07-19 01:47:01,381 - myquant.data - INFO - Data module initialized successfully
2025-07-19 01:47:01,381 - myquant.strategy - INFO - Initializing strategy module
2025-07-19 01:47:01,381 - myquant.strategy - INFO - Strategy module initialized successfully
2025-07-19 01:47:01,381 - myquant.execution - INFO - Initializing execution module
2025-07-19 01:47:01,381 - myQuant.core.engines.execution_engine - INFO - Execution engine started
2025-07-19 01:47:01,381 - myquant.execution - INFO - Execution module initialized successfully
2025-07-19 01:47:01,381 - myquant.risk - INFO - Initializing risk module
2025-07-19 01:47:01,381 - myquant.risk - INFO - Risk module initialized successfully
2025-07-19 01:47:01,381 - myquant.portfolio - INFO - Initializing portfolio module
2025-07-19 01:47:01,381 - myquant.portfolio - INFO - Portfolio module initialized successfully
2025-07-19 01:47:01,381 - myquant.analytics - INFO - Initializing analytics module
2025-07-19 01:47:01,381 - myquant.analytics - INFO - Analytics module initialized successfully
2025-07-19 01:47:01,381 - myQuant.core.enhanced_trading_system - INFO - Enhanced Trading System initialized successfully
2025-07-19 01:47:01,381 - myQuant.core.enhanced_trading_system - INFO - Enhanced Trading System started successfully
2025-07-19 01:47:01,381 - __main__ - INFO - 处理市场数据...
2025-07-19 01:47:01,381 - __main__ - INFO - 处理结果: {'timestamp': datetime.datetime(2025, 7, 19, 1, 47, 1, 381762), 'symbol': 'AAPL', 'processed': True, 'market_status': 'CLOSED', 'system_uptime': 3.5e-05}
2025-07-19 01:47:01,381 - __main__ - INFO - 获取系统状态...
2025-07-19 01:47:01,381 - __main__ - INFO - 系统健康状态: {'system_running': True, 'uptime_seconds': 6.8e-05, 'modules': {'data': {'module': 'data', 'initialized': True, 'metrics': {}, 'timestamp': '2025-07-19T01:47:01.381818'}, 'strategy': {'module': 'strategy', 'initialized': True, 'metrics': {}, 'timestamp': '2025-07-19T01:47:01.381820'}, 'execution': {'module': 'execution', 'initialized': True, 'metrics': {}, 'timestamp': '2025-07-19T01:47:01.381821'}, 'risk': {'module': 'risk', 'initialized': True, 'metrics': {}, 'timestamp': '2025-07-19T01:47:01.381822'}, 'portfolio': {'module': 'portfolio', 'initialized': True, 'metrics': {}, 'timestamp': '2025-07-19T01:47:01.381823'}, 'analytics': {'module': 'analytics', 'initialized': True, 'metrics': {}, 'timestamp': '2025-07-19T01:47:01.381824'}}, 'timestamp': '2025-07-19T01:47:01.381816'}
2025-07-19 01:47:01,381 - __main__ - INFO - 系统指标: {'system': {'running': True, 'uptime': 0.000101, 'modules_count': 6}, 'data': {}, 'strategy': {}, 'execution': {}, 'risk': {}, 'portfolio': {}, 'analytics': {}, 'portfolio_summary': {'total_value': 1000000.0, 'cash_balance': 1000000.0, 'positions': {}, 'unrealized_pnl': 0, 'positions_count': 0}, 'risk_metrics': {'daily_pnl': 0.0, 'current_drawdown': 0.0, 'risk_limits': {'max_position_size': 0.1, 'max_drawdown_limit': 0.2, 'max_daily_loss': 0.05}, 'risk_utilization': {'daily_loss_ratio': 0.0, 'drawdown_ratio': 0.0}}, 'performance': {}}
2025-07-19 01:47:03,383 - __main__ - INFO - 停止交易系统...
2025-07-19 01:47:03,383 - myQuant.core.enhanced_trading_system - INFO - Stopping Enhanced Trading System
2025-07-19 01:47:03,383 - myquant.data - INFO - Shutting down data module
2025-07-19 01:47:03,384 - myquant.strategy - INFO - Shutting down strategy module
2025-07-19 01:47:03,384 - myquant.execution - INFO - Shutting down execution module
2025-07-19 01:47:03,384 - myquant.risk - INFO - Shutting down risk module
2025-07-19 01:47:03,384 - myquant.portfolio - INFO - Shutting down portfolio module
2025-07-19 01:47:03,384 - myquant.analytics - INFO - Shutting down analytics module
2025-07-19 01:47:03,384 - myQuant.core.enhanced_trading_system - INFO - Enhanced Trading System stopped
2025-07-19 01:47:18,670 - __main__ - INFO - myQuant 模块化单体交易系统启动
2025-07-19 01:47:18,670 - __main__ - INFO - 运行API模式
2025-07-19 01:47:18,670 - myQuant.core.events.event_bus - INFO - 事件总线初始化完成
2025-07-19 01:47:18,786 - myQuant.infrastructure.data.providers.real_data_provider - INFO - Yahoo Finance初始化成功
2025-07-19 01:47:18,786 - myQuant.infrastructure.data.providers.real_data_provider - INFO - Yahoo Finance提供者初始化成功
2025-07-19 01:47:18,786 - myQuant.infrastructure.data.providers.real_data_provider - INFO - 东方财富提供者初始化成功
2025-07-19 01:47:18,786 - myQuant.core.managers.data_manager - INFO - 真实数据提供者初始化成功
2025-07-19 01:47:18,786 - myQuant.core.events.event_bus - INFO - 事件总线初始化完成
2025-07-19 01:47:18,787 - myQuant.core.managers.order_manager - INFO - 订单管理器初始化完成
2025-07-19 01:47:18,787 - myQuant.core.analysis.performance_analyzer - INFO - 绩效分析器初始化完成
2025-07-19 01:47:18,789 - __main__ - INFO - 启动模块化单体交易系统和API服务...
2025-07-19 01:47:18,789 - __main__ - INFO - API文档地址: http://localhost:8000/docs
2025-07-19 01:47:18,789 - myQuant.interfaces.api.monolith_api - INFO - Starting API server on 0.0.0.0:8000
2025-07-19 01:47:28,378 - myQuant.interfaces.api.monolith_api - INFO - API Request: GET http://0.0.0.0:8000/docs
2025-07-19 01:47:28,385 - myQuant.interfaces.api.monolith_api - INFO - API Response: 200 in 0.007s
2025-07-19 01:47:31,862 - myQuant.interfaces.api.monolith_api - INFO - API Request: GET http://0.0.0.0:8000/docs
2025-07-19 01:47:31,863 - myQuant.interfaces.api.monolith_api - INFO - API Response: 200 in 0.002s
2025-07-19 01:48:02,995 - myQuant.interfaces.api.monolith_api - INFO - API Request: GET http://0.0.0.0:8000/docs
2025-07-19 01:48:02,999 - myQuant.interfaces.api.monolith_api - INFO - API Response: 200 in 0.004s
2025-07-19 01:48:16,753 - myQuant.interfaces.api.monolith_api - INFO - API Request: GET http://0.0.0.0:8000/docs
2025-07-19 01:48:16,754 - myQuant.interfaces.api.monolith_api - INFO - API Response: 200 in 0.001s
2025-07-19 01:48:28,260 - myQuant.interfaces.api.monolith_api - INFO - API Request: GET http://0.0.0.0:8000/docs
2025-07-19 01:48:28,262 - myQuant.interfaces.api.monolith_api - INFO - API Response: 200 in 0.002s
2025-07-19 01:48:30,030 - myQuant.interfaces.api.monolith_api - INFO - API Request: GET http://0.0.0.0:8000/openapi.json
2025-07-19 01:48:30,065 - myQuant.interfaces.api.monolith_api - INFO - API Response: 200 in 0.035s
2025-07-19 01:49:09,284 - myQuant.interfaces.api.monolith_api - INFO - API Request: GET http://0.0.0.0:8000/data/market/000001.SZ?period=1d
2025-07-19 01:49:09,286 - myquant.data - ERROR - Error getting market data for 000001.SZ: DataManager.get_price_data() missing 1 required positional argument: 'end_date'
2025-07-19 01:49:09,287 - myQuant.interfaces.api.monolith_api - INFO - API Response: 500 in 0.003s
2025-07-19 01:50:18,238 - myQuant.interfaces.api.monolith_api - INFO - API Request: GET http://0.0.0.0:8000/docs
2025-07-19 01:50:18,240 - myQuant.interfaces.api.monolith_api - INFO - API Response: 200 in 0.002s
2025-07-19 01:50:18,337 - myQuant.interfaces.api.monolith_api - INFO - API Request: GET http://0.0.0.0:8000/openapi.json
2025-07-19 01:50:18,337 - myQuant.interfaces.api.monolith_api - INFO - API Response: 200 in 0.001s
2025-07-19 01:50:29,348 - myQuant.interfaces.api.monolith_api - INFO - API Request: GET http://0.0.0.0:8000/data/market/000001.SZ?period=1d
2025-07-19 01:50:29,351 - myquant.data - ERROR - Error getting market data for 000001.SZ: DataManager.get_price_data() missing 1 required positional argument: 'end_date'
2025-07-19 01:50:29,354 - myQuant.interfaces.api.monolith_api - INFO - API Response: 500 in 0.006s
2025-07-19 01:51:31,959 - __main__ - INFO - myQuant 模块化单体交易系统启动
2025-07-19 01:51:31,960 - __main__ - INFO - 运行API模式
2025-07-19 01:51:31,960 - myQuant.core.events.event_bus - INFO - 事件总线初始化完成
2025-07-19 01:51:32,092 - myQuant.infrastructure.data.providers.real_data_provider - INFO - Yahoo Finance初始化成功
2025-07-19 01:51:32,092 - myQuant.infrastructure.data.providers.real_data_provider - INFO - Yahoo Finance提供者初始化成功
2025-07-19 01:51:32,092 - myQuant.infrastructure.data.providers.real_data_provider - INFO - 东方财富提供者初始化成功
2025-07-19 01:51:32,092 - myQuant.core.managers.data_manager - INFO - 真实数据提供者初始化成功
2025-07-19 01:51:32,092 - myQuant.core.events.event_bus - INFO - 事件总线初始化完成
2025-07-19 01:51:32,093 - myQuant.core.managers.order_manager - INFO - 订单管理器初始化完成
2025-07-19 01:51:32,093 - myQuant.core.analysis.performance_analyzer - INFO - 绩效分析器初始化完成
2025-07-19 01:51:32,095 - __main__ - INFO - 启动模块化单体交易系统和API服务...
2025-07-19 01:51:32,095 - __main__ - INFO - API文档地址: http://localhost:8000/docs
2025-07-19 01:51:32,095 - myQuant.interfaces.api.monolith_api - INFO - Starting API server on 0.0.0.0:8000
2025-07-19 01:51:39,073 - myQuant.interfaces.api.monolith_api - INFO - API Request: GET http://0.0.0.0:8000/docs
2025-07-19 01:51:39,075 - myQuant.interfaces.api.monolith_api - INFO - API Response: 200 in 0.001s
2025-07-19 01:51:39,136 - myQuant.interfaces.api.monolith_api - INFO - API Request: GET http://0.0.0.0:8000/openapi.json
2025-07-19 01:51:39,141 - myQuant.interfaces.api.monolith_api - INFO - API Response: 200 in 0.005s
2025-07-19 01:51:51,290 - myQuant.interfaces.api.monolith_api - INFO - API Request: GET http://0.0.0.0:8000/data/market/000001.SZ?period=1d
2025-07-19 01:51:54,049 - myQuant.infrastructure.data.providers.real_data_provider - ERROR - 获取Yahoo Finance数据失败: 000001.SZ, Too Many Requests. Rate limited. Try after a while.
2025-07-19 01:51:55,516 - myQuant.infrastructure.data.providers.real_data_provider - INFO - 从eastmoney成功获取000001.SZ的数据
2025-07-19 01:51:55,526 - myQuant.core.managers.data_manager - WARNING - 发布市场数据事件失败: a coroutine was expected, got True
2025-07-19 01:51:55,538 - myQuant.interfaces.api.monolith_api - INFO - API Response: 500 in 4.248s
2025-07-19 01:52:52,706 - __main__ - INFO - myQuant 模块化单体交易系统启动
2025-07-19 01:52:52,706 - __main__ - INFO - 运行API模式
2025-07-19 01:52:52,706 - myQuant.core.events.event_bus - INFO - 事件总线初始化完成
2025-07-19 01:52:52,847 - myQuant.infrastructure.data.providers.real_data_provider - INFO - Yahoo Finance初始化成功
2025-07-19 01:52:52,847 - myQuant.infrastructure.data.providers.real_data_provider - INFO - Yahoo Finance提供者初始化成功
2025-07-19 01:52:52,847 - myQuant.infrastructure.data.providers.real_data_provider - INFO - 东方财富提供者初始化成功
2025-07-19 01:52:52,847 - myQuant.core.managers.data_manager - INFO - 真实数据提供者初始化成功
2025-07-19 01:52:52,847 - myQuant.core.events.event_bus - INFO - 事件总线初始化完成
2025-07-19 01:52:52,848 - myQuant.core.managers.order_manager - INFO - 订单管理器初始化完成
2025-07-19 01:52:52,849 - myQuant.core.analysis.performance_analyzer - INFO - 绩效分析器初始化完成
2025-07-19 01:52:52,850 - __main__ - INFO - 启动模块化单体交易系统和API服务...
2025-07-19 01:52:52,850 - __main__ - INFO - API文档地址: http://localhost:8000/docs
2025-07-19 01:52:52,850 - myQuant.interfaces.api.monolith_api - INFO - Starting API server on 0.0.0.0:8000
2025-07-19 01:53:10,539 - __main__ - INFO - myQuant 模块化单体交易系统启动
2025-07-19 01:53:10,539 - __main__ - INFO - 运行API模式
2025-07-19 01:53:10,539 - myQuant.core.events.event_bus - INFO - 事件总线初始化完成
2025-07-19 01:53:10,671 - myQuant.infrastructure.data.providers.real_data_provider - INFO - Yahoo Finance初始化成功
2025-07-19 01:53:10,671 - myQuant.infrastructure.data.providers.real_data_provider - INFO - Yahoo Finance提供者初始化成功
2025-07-19 01:53:10,671 - myQuant.infrastructure.data.providers.real_data_provider - INFO - 东方财富提供者初始化成功
2025-07-19 01:53:10,671 - myQuant.core.managers.data_manager - INFO - 真实数据提供者初始化成功
2025-07-19 01:53:10,672 - myQuant.core.events.event_bus - INFO - 事件总线初始化完成
2025-07-19 01:53:10,673 - myQuant.core.managers.order_manager - INFO - 订单管理器初始化完成
2025-07-19 01:53:10,673 - myQuant.core.analysis.performance_analyzer - INFO - 绩效分析器初始化完成
2025-07-19 01:53:10,675 - __main__ - INFO - 启动模块化单体交易系统和API服务...
2025-07-19 01:53:10,675 - __main__ - INFO - API文档地址: http://localhost:8000/docs
2025-07-19 01:53:10,675 - myQuant.interfaces.api.monolith_api - INFO - Starting API server on 0.0.0.0:8000
2025-07-19 01:53:30,084 - myQuant.interfaces.api.monolith_api - INFO - API Request: GET http://0.0.0.0:8000/docs
2025-07-19 01:53:30,086 - myQuant.interfaces.api.monolith_api - INFO - API Response: 200 in 0.002s
2025-07-19 01:53:30,189 - myQuant.interfaces.api.monolith_api - INFO - API Request: GET http://0.0.0.0:8000/openapi.json
2025-07-19 01:53:30,202 - myQuant.interfaces.api.monolith_api - INFO - API Response: 200 in 0.014s
2025-07-19 01:53:37,681 - myQuant.interfaces.api.monolith_api - INFO - API Request: GET http://0.0.0.0:8000/data/market/000001.SZ?period=1d
2025-07-19 01:53:37,708 - myQuant.interfaces.api.monolith_api - INFO - API Response: 200 in 0.027s
2025-07-19 01:57:43,220 - __main__ - INFO - myQuant 模块化单体交易系统启动
2025-07-19 01:57:43,220 - __main__ - INFO - 运行API模式
2025-07-19 01:57:43,220 - myQuant.core.events.event_bus - INFO - 事件总线初始化完成
2025-07-19 01:57:43,349 - myQuant.infrastructure.data.providers.real_data_provider - INFO - Yahoo Finance初始化成功
2025-07-19 01:57:43,349 - myQuant.infrastructure.data.providers.real_data_provider - INFO - Yahoo Finance提供者初始化成功
2025-07-19 01:57:43,349 - myQuant.infrastructure.data.providers.real_data_provider - INFO - 东方财富提供者初始化成功
2025-07-19 01:57:43,349 - myQuant.core.managers.data_manager - INFO - 真实数据提供者初始化成功
2025-07-19 01:57:43,349 - myQuant.core.events.event_bus - INFO - 事件总线初始化完成
2025-07-19 01:57:43,351 - myQuant.core.managers.order_manager - INFO - 订单管理器初始化完成
2025-07-19 01:57:43,351 - myQuant.core.analysis.performance_analyzer - INFO - 绩效分析器初始化完成
2025-07-19 01:57:43,352 - __main__ - INFO - 启动模块化单体交易系统和API服务...
2025-07-19 01:57:43,352 - __main__ - INFO - API文档地址: http://localhost:8000/docs
2025-07-19 01:57:43,352 - myQuant.interfaces.api.monolith_api - INFO - Starting API server on 0.0.0.0:8000
2025-07-19 01:57:55,905 - myQuant.interfaces.api.monolith_api - INFO - API Request: GET http://0.0.0.0:8000/data/market/600080.SH?period=1d
2025-07-19 01:57:57,698 - myQuant.infrastructure.data.providers.real_data_provider - ERROR - 获取Yahoo Finance数据失败: 600080.SH, Too Many Requests. Rate limited. Try after a while.
2025-07-19 01:57:58,768 - myQuant.infrastructure.data.providers.real_data_provider - INFO - 从eastmoney成功获取600080.SH的数据
2025-07-19 01:57:58,778 - myQuant.core.managers.data_manager - WARNING - 发布市场数据事件失败: a coroutine was expected, got True
2025-07-19 01:57:58,784 - myQuant.interfaces.api.monolith_api - INFO - API Response: 200 in 2.879s
2025-07-19 01:58:27,339 - myQuant.interfaces.api.monolith_api - INFO - API Request: GET http://0.0.0.0:8000/data/market/600536.SH?period=1d
2025-07-19 01:58:28,009 - myQuant.infrastructure.data.providers.real_data_provider - ERROR - 获取Yahoo Finance数据失败: 600536.SH, Too Many Requests. Rate limited. Try after a while.
2025-07-19 01:58:28,965 - myQuant.infrastructure.data.providers.real_data_provider - INFO - 从eastmoney成功获取600536.SH的数据
2025-07-19 01:58:28,969 - myQuant.core.managers.data_manager - WARNING - 发布市场数据事件失败: a coroutine was expected, got True
2025-07-19 01:58:28,973 - myQuant.interfaces.api.monolith_api - INFO - API Response: 200 in 1.634s
2025-07-19 02:02:04,973 - __main__ - INFO - myQuant 模块化单体交易系统启动
2025-07-19 02:02:04,973 - __main__ - INFO - 运行API模式
2025-07-19 02:02:04,973 - myQuant.core.events.event_bus - INFO - 事件总线初始化完成
2025-07-19 02:02:05,097 - myQuant.infrastructure.data.providers.real_data_provider - INFO - Yahoo Finance初始化成功
2025-07-19 02:02:05,097 - myQuant.infrastructure.data.providers.real_data_provider - INFO - Yahoo Finance提供者初始化成功
2025-07-19 02:02:05,097 - myQuant.infrastructure.data.providers.real_data_provider - INFO - 东方财富提供者初始化成功
2025-07-19 02:02:05,098 - myQuant.core.managers.data_manager - INFO - 真实数据提供者初始化成功
2025-07-19 02:02:05,098 - myQuant.core.events.event_bus - INFO - 事件总线初始化完成
2025-07-19 02:02:05,099 - myQuant.core.managers.order_manager - INFO - 订单管理器初始化完成
2025-07-19 02:02:05,099 - myQuant.core.analysis.performance_analyzer - INFO - 绩效分析器初始化完成
2025-07-19 02:02:05,101 - __main__ - INFO - 启动模块化单体交易系统和API服务...
2025-07-19 02:02:05,101 - __main__ - INFO - API文档地址: http://localhost:8000/docs
2025-07-19 02:02:05,101 - myQuant.interfaces.api.monolith_api - INFO - Starting API server on 0.0.0.0:8000
2025-07-19 02:02:16,520 - myQuant.interfaces.api.monolith_api - INFO - API Request: GET http://0.0.0.0:8000/data/market/600536.SH?period=1d
2025-07-19 02:02:16,537 - myQuant.interfaces.api.monolith_api - INFO - API Response: 200 in 0.018s
2025-07-19 02:02:42,223 - myQuant.interfaces.api.monolith_api - INFO - API Request: GET http://0.0.0.0:8000/data/market/600537.SH?period=1d
2025-07-19 02:02:43,914 - myQuant.infrastructure.data.providers.real_data_provider - ERROR - 获取Yahoo Finance数据失败: 600537.SH, Too Many Requests. Rate limited. Try after a while.
2025-07-19 02:02:45,048 - myQuant.infrastructure.data.providers.real_data_provider - INFO - 从eastmoney成功获取600537.SH的数据
2025-07-19 02:02:45,061 - myQuant.core.events.event_bus - INFO - 事件总线已启动，工作线程数: 4
2025-07-19 02:02:45,061 - myQuant.interfaces.api.monolith_api - INFO - API Response: 200 in 2.839s
2025-07-19 02:05:07,889 - myQuant.interfaces.api.monolith_api - INFO - API Request: GET http://0.0.0.0:8000/strategy/performance
2025-07-19 02:05:07,893 - myQuant.interfaces.api.monolith_api - INFO - API Response: 200 in 0.004s
2025-07-19 02:06:27,932 - myQuant.interfaces.api.monolith_api - INFO - API Request: POST http://0.0.0.0:8000/data/tick
2025-07-19 02:06:27,947 - myQuant.interfaces.api.monolith_api - INFO - API Response: 200 in 0.016s
2025-07-19 02:12:27,372 - __main__ - INFO - myQuant 模块化单体交易系统启动
2025-07-19 02:12:27,372 - __main__ - INFO - 运行API模式
2025-07-19 02:12:27,372 - myQuant.core.events.event_bus - INFO - 事件总线初始化完成
2025-07-19 02:12:27,502 - myQuant.infrastructure.data.providers.real_data_provider - INFO - Yahoo Finance初始化成功
2025-07-19 02:12:27,502 - myQuant.infrastructure.data.providers.real_data_provider - INFO - Yahoo Finance提供者初始化成功
2025-07-19 02:12:27,502 - myQuant.infrastructure.data.providers.real_data_provider - INFO - 东方财富提供者初始化成功
2025-07-19 02:12:27,502 - myQuant.core.managers.data_manager - INFO - 真实数据提供者初始化成功
2025-07-19 02:12:27,502 - myQuant.core.events.event_bus - INFO - 事件总线初始化完成
2025-07-19 02:12:27,504 - myQuant.core.managers.order_manager - INFO - 订单管理器初始化完成
2025-07-19 02:12:27,504 - myQuant.core.analysis.performance_analyzer - INFO - 绩效分析器初始化完成
2025-07-19 02:12:27,505 - __main__ - INFO - 启动模块化单体交易系统和API服务...
2025-07-19 02:12:27,505 - __main__ - INFO - API文档地址: http://localhost:8000/docs
2025-07-19 02:12:27,505 - myQuant.interfaces.api.monolith_api - INFO - Starting API server on 0.0.0.0:8000
2025-07-19 02:12:50,683 - myQuant.interfaces.api.monolith_api - INFO - API Request: GET http://0.0.0.0:8000/docs
2025-07-19 02:12:50,684 - myQuant.interfaces.api.monolith_api - INFO - API Response: 200 in 0.002s
2025-07-19 02:12:50,801 - myQuant.interfaces.api.monolith_api - INFO - API Request: GET http://0.0.0.0:8000/openapi.json
2025-07-19 02:12:50,817 - myQuant.interfaces.api.monolith_api - INFO - API Response: 200 in 0.016s
2025-07-19 02:13:14,901 - myQuant.interfaces.api.monolith_api - INFO - API Request: POST http://0.0.0.0:8000/data/tick
2025-07-19 02:13:14,909 - myQuant.interfaces.api.monolith_api - INFO - API Response: 200 in 0.008s
2025-07-19 02:13:37,272 - myQuant.interfaces.api.monolith_api - INFO - API Request: POST http://0.0.0.0:8000/system/start
2025-07-19 02:13:37,274 - myQuant.core.enhanced_trading_system - INFO - Starting Enhanced Trading System
2025-07-19 02:13:37,274 - myQuant.core.enhanced_trading_system - INFO - Initializing Enhanced Trading System
2025-07-19 02:13:37,274 - myquant.data - INFO - Initializing data module
2025-07-19 02:13:37,274 - myquant.data - INFO - Data module initialized successfully
2025-07-19 02:13:37,274 - myquant.strategy - INFO - Initializing strategy module
2025-07-19 02:13:37,274 - myquant.strategy - INFO - Strategy module initialized successfully
2025-07-19 02:13:37,274 - myquant.execution - INFO - Initializing execution module
2025-07-19 02:13:37,275 - myQuant.core.engines.execution_engine - INFO - Execution engine started
2025-07-19 02:13:37,275 - myquant.execution - INFO - Execution module initialized successfully
2025-07-19 02:13:37,275 - myquant.risk - INFO - Initializing risk module
2025-07-19 02:13:37,275 - myquant.risk - INFO - Risk module initialized successfully
2025-07-19 02:13:37,275 - myquant.portfolio - INFO - Initializing portfolio module
2025-07-19 02:13:37,275 - myquant.portfolio - INFO - Portfolio module initialized successfully
2025-07-19 02:13:37,275 - myquant.analytics - INFO - Initializing analytics module
2025-07-19 02:13:37,275 - myquant.analytics - INFO - Analytics module initialized successfully
2025-07-19 02:13:37,275 - myQuant.core.enhanced_trading_system - INFO - Enhanced Trading System initialized successfully
2025-07-19 02:13:37,276 - myQuant.core.enhanced_trading_system - INFO - Enhanced Trading System started successfully
2025-07-19 02:13:37,277 - myQuant.interfaces.api.monolith_api - INFO - API Response: 200 in 0.005s
2025-07-19 02:13:41,720 - myQuant.interfaces.api.monolith_api - INFO - API Request: POST http://0.0.0.0:8000/data/tick
2025-07-19 02:13:41,731 - myQuant.interfaces.api.monolith_api - INFO - API Response: 200 in 0.011s
2025-07-19 02:16:06,274 - __main__ - INFO - myQuant 模块化单体交易系统启动
2025-07-19 02:16:06,274 - __main__ - INFO - 运行演示模式
2025-07-19 02:16:06,274 - myQuant.core.events.event_bus - INFO - 事件总线初始化完成
2025-07-19 02:16:06,396 - myQuant.infrastructure.data.providers.real_data_provider - INFO - Yahoo Finance初始化成功
2025-07-19 02:16:06,396 - myQuant.infrastructure.data.providers.real_data_provider - INFO - Yahoo Finance提供者初始化成功
2025-07-19 02:16:06,396 - myQuant.infrastructure.data.providers.real_data_provider - INFO - 东方财富提供者初始化成功
2025-07-19 02:16:06,396 - myQuant.core.managers.data_manager - INFO - 真实数据提供者初始化成功
2025-07-19 02:16:06,396 - myQuant.core.events.event_bus - INFO - 事件总线初始化完成
2025-07-19 02:16:06,397 - myQuant.core.managers.order_manager - INFO - 订单管理器初始化完成
2025-07-19 02:16:06,397 - myQuant.core.analysis.performance_analyzer - INFO - 绩效分析器初始化完成
2025-07-19 02:16:06,397 - __main__ - INFO - 启动模块化单体交易系统...
2025-07-19 02:16:06,397 - myQuant.core.enhanced_trading_system - INFO - Starting Enhanced Trading System
2025-07-19 02:16:06,397 - myQuant.core.enhanced_trading_system - INFO - Initializing Enhanced Trading System
2025-07-19 02:16:06,397 - myquant.data - INFO - Initializing data module
2025-07-19 02:16:06,398 - myquant.data - INFO - Data module initialized successfully
2025-07-19 02:16:06,398 - myquant.strategy - INFO - Initializing strategy module
2025-07-19 02:16:06,398 - myquant.strategy - INFO - Strategy module initialized successfully
2025-07-19 02:16:06,398 - myquant.execution - INFO - Initializing execution module
2025-07-19 02:16:06,398 - myQuant.core.engines.execution_engine - INFO - Execution engine started
2025-07-19 02:16:06,398 - myquant.execution - INFO - Execution module initialized successfully
2025-07-19 02:16:06,398 - myquant.risk - INFO - Initializing risk module
2025-07-19 02:16:06,398 - myquant.risk - INFO - Risk module initialized successfully
2025-07-19 02:16:06,398 - myquant.portfolio - INFO - Initializing portfolio module
2025-07-19 02:16:06,398 - myquant.portfolio - INFO - Portfolio module initialized successfully
2025-07-19 02:16:06,398 - myquant.analytics - INFO - Initializing analytics module
2025-07-19 02:16:06,398 - myquant.analytics - INFO - Analytics module initialized successfully
2025-07-19 02:16:06,398 - myQuant.core.enhanced_trading_system - INFO - Enhanced Trading System initialized successfully
2025-07-19 02:16:06,398 - myQuant.core.enhanced_trading_system - INFO - Enhanced Trading System started successfully
2025-07-19 02:16:06,398 - __main__ - INFO - 处理市场数据...
2025-07-19 02:16:06,398 - __main__ - INFO - 处理结果: {'timestamp': datetime.datetime(2025, 7, 19, 2, 16, 6, 398278), 'symbol': 'AAPL', 'processed': True, 'market_status': 'CLOSED', 'system_uptime': 3.8e-05}
2025-07-19 02:16:06,398 - __main__ - INFO - 获取系统状态...
2025-07-19 02:16:06,398 - __main__ - INFO - 系统健康状态: {'system_running': True, 'uptime_seconds': 7.2e-05, 'modules': {'data': {'module': 'data', 'initialized': True, 'metrics': {}, 'timestamp': '2025-07-19T02:16:06.398337'}, 'strategy': {'module': 'strategy', 'initialized': True, 'metrics': {}, 'timestamp': '2025-07-19T02:16:06.398338'}, 'execution': {'module': 'execution', 'initialized': True, 'metrics': {}, 'timestamp': '2025-07-19T02:16:06.398340'}, 'risk': {'module': 'risk', 'initialized': True, 'metrics': {}, 'timestamp': '2025-07-19T02:16:06.398341'}, 'portfolio': {'module': 'portfolio', 'initialized': True, 'metrics': {}, 'timestamp': '2025-07-19T02:16:06.398342'}, 'analytics': {'module': 'analytics', 'initialized': True, 'metrics': {}, 'timestamp': '2025-07-19T02:16:06.398342'}}, 'timestamp': '2025-07-19T02:16:06.398334'}
2025-07-19 02:16:06,398 - __main__ - INFO - 系统指标: {'system': {'running': True, 'uptime': 0.000104, 'modules_count': 6}, 'data': {}, 'strategy': {}, 'execution': {}, 'risk': {}, 'portfolio': {}, 'analytics': {}, 'portfolio_summary': {'total_value': 1000000.0, 'cash_balance': 1000000.0, 'positions': {}, 'unrealized_pnl': 0, 'positions_count': 0}, 'risk_metrics': {'daily_pnl': 0.0, 'current_drawdown': 0.0, 'risk_limits': {'max_position_size': 0.1, 'max_drawdown_limit': 0.2, 'max_daily_loss': 0.05}, 'risk_utilization': {'daily_loss_ratio': 0.0, 'drawdown_ratio': 0.0}}, 'performance': {}}
2025-07-19 02:16:08,399 - __main__ - INFO - 停止交易系统...
2025-07-19 02:16:08,400 - myQuant.core.enhanced_trading_system - INFO - Stopping Enhanced Trading System
2025-07-19 02:16:08,400 - myquant.data - INFO - Shutting down data module
2025-07-19 02:16:08,400 - myquant.strategy - INFO - Shutting down strategy module
2025-07-19 02:16:08,400 - myquant.execution - INFO - Shutting down execution module
2025-07-19 02:16:08,400 - myquant.risk - INFO - Shutting down risk module
2025-07-19 02:16:08,400 - myquant.portfolio - INFO - Shutting down portfolio module
2025-07-19 02:16:08,400 - myquant.analytics - INFO - Shutting down analytics module
2025-07-19 02:16:08,400 - myQuant.core.enhanced_trading_system - INFO - Enhanced Trading System stopped
